<?xml version="1.0" encoding="UTF-8"?>
<testsuite xmlns:xsi="http://www.w3.org/2001/XMLSchema-instance" xsi:noNamespaceSchemaLocation="https://maven.apache.org/surefire/maven-surefire-plugin/xsd/surefire-test-report-3.0.xsd" version="3.0" name="org.example.LivreBibliothequeTest" time="0.244" tests="14" errors="0" skipped="0" failures="0">
  <properties>
[...]
</properties>
  <testcase name="testBibliothequeSearchByAuthor" classname="org.example.LivreBibliothequeTest" time="0.095"/>
  <testcase name="testLivreEqualsAndHashCode" classname="org.example.LivreBibliothequeTest" time="0.003"/>
  <testcase name="testBibliothequeSearchByISBN" classname="org.example.LivreBibliothequeTest" time="0.004"/>
  <testcase name="testBibliothequeSearchByTitle" classname="org.example.LivreBibliothequeTest" time="0.002"/>
  <testcase name="testLivreToString" classname="org.example.LivreBibliothequeTest" time="0.02"/>
  <testcase name="testBibliothequeAddAndRemove" classname="org.example.LivreBibliothequeTest" time="0.004"/>
  <testcase name="testLivreGettersAndSetters" classname="org.example.LivreBibliothequeTest" time="0.004"/>
  <testcase name="testLivreDatePublication" classname="org.example.LivreBibliothequeTest" time="0.001"/>
  <testcase name="testLivreIsAncien" classname="org.example.LivreBibliothequeTest" time="0.001"/>
  <testcase name="testLivreValidation" classname="org.example.LivreBibliothequeTest" time="0.004"/>
  <testcase name="testLivreConstructor" classname="org.example.LivreBibliothequeTest" time="0.002"/>
  <testcase name="testLivreWithLocalDateConstructor" classname="org.example.LivreBibliothequeTest" time="0.002"/>
  <testcase name="testLivreValidationWithLocalDate" classname="org.example.LivreBibliothequeTest" time="0.011"/>
  <testcase name="testBibliothequeGetLivres" classname="org.example.LivreBibliothequeTest" time="0.003"/>
</testsuite>